2022-07-05 11:51:52 INFO  PacienteController:30 - El paciente Laura JImenez ha sido guardado correctamente en la base de datos
2022-07-05 11:52:58 INFO  PacienteController:30 - El paciente Ana Garofolli ha sido guardado correctamente en la base de datos
2022-07-05 11:53:21 INFO  PacienteController:30 - El paciente Raul Lopez ha sido guardado correctamente en la base de datos
2022-07-05 11:53:53 INFO  PacienteController:38 - No se encuentra en la base de datos el paciente con id: 4
2022-07-05 11:55:19 INFO  PacienteController:56 - El paciente Raul Eduardo Lopez ha sido actualizado correctamente en la base de datos
2022-07-05 11:57:08 INFO  PacienteController:56 - El paciente Raul Eduardo Lopez ha sido actualizado correctamente en la base de datos
2022-07-05 11:59:08 INFO  PacienteController:65 - El paciente con id: 1 ha sido eliminado correctamente.
2022-07-05 12:02:09 INFO  PacienteController:75 - Todos los pacientes han sido eliminados de la base de datos correctamente.
2022-07-05 12:02:53 INFO  PacienteController:30 - El paciente Laura Sanchez ha sido guardado correctamente en la base de datos
2022-07-05 12:03:36 ERROR GlobalExceptionHandler:14 - JSON parse error: Cannot deserialize value of type `java.time.LocalDateTime` from String "2021-13-18T10:23:24": Failed to deserialize java.time.LocalDateTime: (java.time.format.DateTimeParseException) Text '2021-13-18T10:23:24' could not be parsed: Invalid value for MonthOfYear (valid values 1 - 12): 13; nested exception is com.fasterxml.jackson.databind.exc.InvalidFormatException: Cannot deserialize value of type `java.time.LocalDateTime` from String "2021-13-18T10:23:24": Failed to deserialize java.time.LocalDateTime: (java.time.format.DateTimeParseException) Text '2021-13-18T10:23:24' could not be parsed: Invalid value for MonthOfYear (valid values 1 - 12): 13
 at [Source: (org.springframework.util.StreamUtils$NonClosingInputStream); line: 5, column: 16] (through reference chain: com.example.dh.ClinicaOdontologica.model.Paciente["fechaIngreso"])
2022-07-05 12:03:49 INFO  PacienteController:30 - El paciente Jesus Femenia ha sido guardado correctamente en la base de datos
2022-07-05 12:04:27 INFO  PacienteController:38 - No se encuentra en la base de datos el paciente con id: 10
2022-07-05 12:06:09 INFO  OdontologoController:30 - El odontologo Juan Cruz Olavarria ha sido guardado correctamente en la base de datos
2022-07-05 12:06:46 INFO  OdontologoController:30 - El odontologo Juana Perez ha sido guardado correctamente en la base de datos
2022-07-05 12:06:58 INFO  OdontologoController:30 - El odontologo Marianela Meinardi ha sido guardado correctamente en la base de datos
2022-07-05 12:07:26 INFO  OdontologoController:38 - No se encuentra en la base de datos el odontologo con id: 15
2022-07-05 12:08:18 INFO  OdontologoController:56 - El odontologo Juan Manuel Cruz Olavarria ha sido actualizado correctamente en la base de datos
2022-07-05 12:09:10 INFO  OdontologoController:65 - El odontologo con id: 1 ha sido eliminado correctamente.
2022-07-05 12:09:20 INFO  OdontologoController:38 - No se encuentra en la base de datos el odontologo con id: 1
2022-07-05 12:19:23 INFO  TurnoController:45 - No se encuentran turnos en la base de datos.
2022-07-05 12:19:35 ERROR GlobalExceptionHandler:14 - could not execute statement; SQL [n/a]; constraint [FKQTJ6T7MULC2JMFKV92X4CTKWH]; nested exception is org.hibernate.exception.ConstraintViolationException: could not execute statement
2022-07-05 12:20:59 INFO  PacienteController:56 - El paciente Laura Sanchez ha sido actualizado correctamente en la base de datos
2022-07-05 12:21:12 INFO  PacienteController:56 - El paciente Jesus Femenia ha sido actualizado correctamente en la base de datos
2022-07-05 12:21:58 INFO  OdontologoController:30 - El odontologo Marianela Meinardi ha sido guardado correctamente en la base de datos
2022-07-05 12:22:10 INFO  OdontologoController:30 - El odontologo Juana Perez ha sido guardado correctamente en la base de datos
2022-07-05 12:22:34 INFO  TurnoController:28 - El turno con el odontólogo null null en la fecha: 2019-11-18T14:23:15 ha sido registrado correctamente en la base de datos
2022-07-05 12:22:49 INFO  TurnoController:28 - El turno con el odontólogo null null en la fecha: 2021-10-16T13:13:25 ha sido registrado correctamente en la base de datos
2022-07-05 12:22:56 ERROR GlobalExceptionHandler:14 - No serializer found for class org.hibernate.proxy.pojo.bytebuddy.ByteBuddyInterceptor and no properties discovered to create BeanSerializer (to avoid exception, disable SerializationFeature.FAIL_ON_EMPTY_BEANS) (through reference chain: com.example.dh.ClinicaOdontologica.model.Turno["paciente"]->com.example.dh.ClinicaOdontologica.model.Paciente$HibernateProxy$GTdkzWOn["hibernateLazyInitializer"])
2022-07-05 12:26:50 INFO  TurnoController:36 - No se encuentra en la base de datos el turno con id: 1
2022-07-05 12:27:15 ERROR GlobalExceptionHandler:14 - No serializer found for class org.hibernate.proxy.pojo.bytebuddy.ByteBuddyInterceptor and no properties discovered to create BeanSerializer (to avoid exception, disable SerializationFeature.FAIL_ON_EMPTY_BEANS) (through reference chain: com.example.dh.ClinicaOdontologica.model.Turno["paciente"]->com.example.dh.ClinicaOdontologica.model.Paciente$HibernateProxy$GTdkzWOn["hibernateLazyInitializer"])
2022-07-05 12:29:01 INFO  PacienteController:30 - El paciente Laura Sanchez ha sido guardado correctamente en la base de datos
2022-07-05 12:29:12 INFO  PacienteController:30 - El paciente Jesus Femenia ha sido guardado correctamente en la base de datos
2022-07-05 12:29:47 INFO  OdontologoController:30 - El odontologo Marianela Meinardi ha sido guardado correctamente en la base de datos
2022-07-05 12:29:58 INFO  OdontologoController:30 - El odontologo Juana Perez ha sido guardado correctamente en la base de datos
2022-07-05 12:30:26 INFO  TurnoController:28 - El turno con el odontólogo null null en la fecha: 2019-11-18T14:23:15 ha sido registrado correctamente en la base de datos
2022-07-05 12:30:40 INFO  TurnoController:28 - El turno con el odontólogo null null en la fecha: 2022-10-17T15:22:16 ha sido registrado correctamente en la base de datos
2022-07-05 12:30:57 ERROR GlobalExceptionHandler:14 - No serializer found for class org.hibernate.proxy.pojo.bytebuddy.ByteBuddyInterceptor and no properties discovered to create BeanSerializer (to avoid exception, disable SerializationFeature.FAIL_ON_EMPTY_BEANS) (through reference chain: com.example.dh.ClinicaOdontologica.model.Turno["paciente"]->com.example.dh.ClinicaOdontologica.model.Paciente$HibernateProxy$shgwcVpa["hibernateLazyInitializer"])
2022-07-05 12:35:09 ERROR GlobalExceptionHandler:14 - No serializer found for class org.hibernate.proxy.pojo.bytebuddy.ByteBuddyInterceptor and no properties discovered to create BeanSerializer (to avoid exception, disable SerializationFeature.FAIL_ON_EMPTY_BEANS) (through reference chain: com.example.dh.ClinicaOdontologica.model.Turno["paciente"]->com.example.dh.ClinicaOdontologica.model.Paciente$HibernateProxy$fl0ixrSa["hibernateLazyInitializer"])
2022-07-05 12:41:33 ERROR GlobalExceptionHandler:14 - could not execute statement; SQL [n/a]; constraint [FKQTJ6T7MULC2JMFKV92X4CTKWH]; nested exception is org.hibernate.exception.ConstraintViolationException: could not execute statement
2022-07-05 12:41:50 ERROR GlobalExceptionHandler:14 - could not execute statement; SQL [n/a]; constraint [FKQTJ6T7MULC2JMFKV92X4CTKWH]; nested exception is org.hibernate.exception.ConstraintViolationException: could not execute statement
2022-07-05 12:41:59 INFO  TurnoController:28 - El turno con el odontólogo null null en la fecha: 2019-11-18T14:23:15 ha sido registrado correctamente en la base de datos
2022-07-05 12:47:23 INFO  TurnoController:28 - El turno con el odontólogo null null en la fecha: 2022-10-17T16:22:16 ha sido registrado correctamente en la base de datos
2022-07-05 12:48:33 INFO  OdontologoController:30 - El odontologo Juan Paura ha sido guardado correctamente en la base de datos
2022-07-05 12:48:42 ERROR GlobalExceptionHandler:14 - could not execute statement; SQL [n/a]; constraint [FKQTJ6T7MULC2JMFKV92X4CTKWH]; nested exception is org.hibernate.exception.ConstraintViolationException: could not execute statement
2022-07-05 12:49:06 INFO  TurnoController:28 - El turno con el odontólogo con id:  52 para el paciente con id: 1 en la fecha: 2022-10-17T16:22:16 ha sido registrado correctamente en la base de datos
2022-07-05 12:49:17 ERROR GlobalExceptionHandler:14 - No value present
2022-07-05 12:52:52 INFO  TurnoController:73 - Todos los turnos han sido eliminados de la base de datos correctamente.
2022-07-05 12:53:00 INFO  OdontologoController:75 - Todos los odontólogos han sido eliminados de la base de datos correctamente.
2022-07-05 12:53:06 INFO  PacienteController:75 - Todos los pacientes han sido eliminados de la base de datos correctamente.
2022-07-05 12:53:09 INFO  PacienteController:47 - No se encuentran pacientes en la base de datos.
2022-07-05 12:53:15 INFO  OdontologoController:47 - No se encuentran odontólogos en la base de datos.
2022-07-05 12:53:19 INFO  TurnoController:45 - No se encuentran turnos en la base de datos.
2022-07-05 13:11:54 INFO  OdontologoController:30 - El odontologo Marianela Meinardi ha sido guardado correctamente en la base de datos
2022-07-05 13:12:07 INFO  OdontologoController:30 - El odontologo Jorge Perez ha sido guardado correctamente en la base de datos
2022-07-05 13:12:16 INFO  OdontologoController:30 - El odontologo Ana Lopez ha sido guardado correctamente en la base de datos
2022-07-05 13:13:23 INFO  PacienteController:30 - El paciente Laura Sanchez ha sido guardado correctamente en la base de datos
2022-07-05 13:14:18 INFO  PacienteController:30 - El paciente Maria Rodriguez ha sido guardado correctamente en la base de datos
2022-07-05 17:32:56 INFO  PacienteController:30 - El paciente Maria Rodriguez ha sido guardado correctamente en la base de datos
2022-07-05 17:33:15 INFO  PacienteController:30 - El paciente Ana Molina ha sido guardado correctamente en la base de datos
2022-07-05 17:33:36 INFO  PacienteController:30 - El paciente Juan Lacognata ha sido guardado correctamente en la base de datos
2022-07-05 17:34:11 INFO  OdontologoController:30 - El odontologo Marianela Meinardi ha sido guardado correctamente en la base de datos
2022-07-05 17:34:27 INFO  OdontologoController:30 - El odontologo Candela Lopez ha sido guardado correctamente en la base de datos
2022-07-05 17:34:41 INFO  OdontologoController:30 - El odontologo Jorge Femenia ha sido guardado correctamente en la base de datos
2022-07-05 17:35:18 INFO  TurnoController:28 - El turno con el odontólogo con id:  1 para el paciente con id: 1 en la fecha: 2022-10-17T16:22:16 ha sido registrado correctamente en la base de datos
2022-07-05 17:35:38 ERROR GlobalExceptionHandler:14 - JSON parse error: Cannot deserialize value of type `java.time.LocalDateTime` from String "2021-18-16T15:21:16": Failed to deserialize java.time.LocalDateTime: (java.time.format.DateTimeParseException) Text '2021-18-16T15:21:16' could not be parsed: Invalid value for MonthOfYear (valid values 1 - 12): 18; nested exception is com.fasterxml.jackson.databind.exc.InvalidFormatException: Cannot deserialize value of type `java.time.LocalDateTime` from String "2021-18-16T15:21:16": Failed to deserialize java.time.LocalDateTime: (java.time.format.DateTimeParseException) Text '2021-18-16T15:21:16' could not be parsed: Invalid value for MonthOfYear (valid values 1 - 12): 18
 at [Source: (org.springframework.util.StreamUtils$NonClosingInputStream); line: 8, column: 14] (through reference chain: com.example.dh.ClinicaOdontologica.model.Turno["fechaYhora"])
2022-07-05 17:35:46 INFO  TurnoController:28 - El turno con el odontólogo con id:  3 para el paciente con id: 2 en la fecha: 2021-11-16T15:21:16 ha sido registrado correctamente en la base de datos
2022-07-05 17:36:04 INFO  TurnoController:28 - El turno con el odontólogo con id:  2 para el paciente con id: 3 en la fecha: 2019-11-16T16:22:26 ha sido registrado correctamente en la base de datos
2022-07-05 17:37:13 INFO  TurnoController:63 - El turno con id: 1 ha sido eliminado correctamente.
2022-07-05 17:38:39 ERROR GlobalExceptionHandler:14 - could not execute statement; SQL [n/a]; constraint [FK4OKCQR9IQT2IW6XHY1PPSMO3L]; nested exception is org.hibernate.exception.ConstraintViolationException: could not execute statement
2022-07-05 17:48:19 INFO  PacienteController:47 - No se encuentran pacientes en la base de datos.
2022-07-05 17:48:37 INFO  PacienteController:30 - El paciente Juan Lacognata ha sido guardado correctamente en la base de datos
2022-07-05 17:48:49 INFO  PacienteController:30 - El paciente Maria Rodriguez ha sido guardado correctamente en la base de datos
2022-07-05 17:49:10 INFO  OdontologoController:30 - El odontologo Candela Lopez ha sido guardado correctamente en la base de datos
2022-07-05 17:49:37 INFO  OdontologoController:30 - El odontologo John Miller ha sido guardado correctamente en la base de datos
2022-07-05 17:49:58 INFO  TurnoController:28 - El turno con el odontólogo con id:  1 para el paciente con id: 1 en la fecha: 2019-11-16T16:22:26 ha sido registrado correctamente en la base de datos
2022-07-05 17:50:03 INFO  TurnoController:28 - El turno con el odontólogo con id:  2 para el paciente con id: 2 en la fecha: 2019-11-16T16:22:26 ha sido registrado correctamente en la base de datos
2022-07-05 18:03:38 INFO  OdontologoController:47 - No se encuentran odontólogos en la base de datos.
2022-07-05 18:27:33 INFO  TurnoController:45 - No se encuentran turnos en la base de datos.
2022-07-05 18:27:54 INFO  OdontologoController:30 - El odontologo John Miller ha sido guardado correctamente en la base de datos
2022-07-05 18:28:07 INFO  OdontologoController:30 - El odontologo Juan Lopez ha sido guardado correctamente en la base de datos
2022-07-05 18:28:28 INFO  PacienteController:30 - El paciente Juan Lacognata ha sido guardado correctamente en la base de datos
2022-07-05 18:28:43 INFO  PacienteController:30 - El paciente Jorge Perez ha sido guardado correctamente en la base de datos
2022-07-05 18:29:10 INFO  TurnoController:28 - El turno con el odontólogo con id:  1 para el paciente con id: 1 en la fecha: 2019-11-16T16:22:26 ha sido registrado correctamente en la base de datos
2022-07-05 18:29:14 INFO  TurnoController:28 - El turno con el odontólogo con id:  2 para el paciente con id: 2 en la fecha: 2019-11-16T16:22:26 ha sido registrado correctamente en la base de datos
2022-07-05 18:35:03 INFO  TurnoController:63 - El turno con id: 1 ha sido eliminado correctamente.
2022-07-06 17:29:00 ERROR GlobalExceptionHandler:15 - No value present
2022-07-06 17:33:15 INFO  OdontologoController:32 - El odontologo Ana Molina ha sido guardado correctamente en la base de datos
2022-07-06 17:33:25 INFO  OdontologoController:32 - El odontologo Paula Lopez ha sido guardado correctamente en la base de datos
2022-07-06 17:33:39 ERROR GlobalExceptionHandler:29 - Los datos ingresados para registrar el odontólogo no son correctos o están incompletos
2022-07-06 17:34:11 ERROR GlobalExceptionHandler:29 - Los datos ingresados para registrar el odontólogo no son correctos o están incompletos
2022-07-06 17:36:35 ERROR GlobalExceptionHandler:22 - El odontologo con el id: 120 no se encuentra en la base de datos
2022-07-06 17:37:31 ERROR GlobalExceptionHandler:22 - El odontologo con el id: 120 no se encuentra en la base de datos
2022-07-06 17:38:11 INFO  OdontologoController:68 - Todos los odontólogos han sido eliminados de la base de datos correctamente.
2022-07-06 17:38:20 INFO  OdontologoController:68 - Todos los odontólogos han sido eliminados de la base de datos correctamente.
2022-07-06 17:40:51 ERROR GlobalExceptionHandler:29 - Los datos ingresados para registrar el odontólogo no son correctos o están incompletos
2022-07-06 17:41:52 INFO  OdontologoController:32 - El odontologo Juan Perez ha sido guardado correctamente en la base de datos
2022-07-06 17:42:16 INFO  OdontologoController:32 - El odontologo Laura Maria ha sido guardado correctamente en la base de datos
2022-07-06 17:44:11 ERROR GlobalExceptionHandler:22 - El odontologo con el id: 10 no se encuentra en la base de datos
2022-07-06 17:44:19 INFO  OdontologoController:68 - Todos los odontólogos han sido eliminados de la base de datos correctamente.
2022-07-06 17:44:21 INFO  OdontologoController:68 - Todos los odontólogos han sido eliminados de la base de datos correctamente.
2022-07-06 17:46:48 ERROR GlobalExceptionHandler:22 - No se encuentran odontólogos en la base de datos
2022-07-06 17:47:04 ERROR GlobalExceptionHandler:22 - No se encuentran odontólogos en la base de datos
2022-07-06 17:47:12 INFO  OdontologoController:32 - El odontologo Laura Maria ha sido guardado correctamente en la base de datos
2022-07-06 17:47:40 ERROR GlobalExceptionHandler:22 - El odontologo con el id: 202 no se encuentra en la base de datos
2022-07-06 17:53:19 ERROR GlobalExceptionHandler:16 - El odontologo con el id: 205 no se encuentra en la base de datos
2022-07-06 17:53:38 ERROR GlobalExceptionHandler:23 - Los datos ingresados para registrar el odontólogo no son correctos o están incompletos
2022-07-06 17:53:51 ERROR GlobalExceptionHandler:23 - Los datos ingresados para registrar el odontólogo no son correctos o están incompletos
2022-07-07 11:54:53 ERROR GlobalExceptionHandler:20 - El odontologo con el id: 203 no se encuentra en la base de datos
2022-07-07 11:56:57 ERROR GlobalExceptionHandler:20 - El odontologo con el id: 203 no se encuentra en la base de datos
2022-07-07 11:57:04 INFO  OdontologoController:68 - Todos los odontólogos han sido eliminados de la base de datos correctamente.
2022-07-07 11:57:23 ERROR GlobalExceptionHandler:20 - No se encuentran odontólogos en la base de datos
2022-07-07 12:26:06 INFO  PacienteController:32 - El paciente Raul Lopez ha sido guardado correctamente en la base de datos
2022-07-07 12:26:55 INFO  PacienteController:32 - El paciente Juana Dominguez ha sido guardado correctamente en la base de datos
2022-07-07 12:27:56 INFO  PacienteController:32 - El paciente Clara Molina ha sido guardado correctamente en la base de datos
2022-07-07 12:28:37 ERROR GlobalExceptionHandler:20 - El paciente con el id: 8 no se encuentra en la base de datos
2022-07-07 12:29:42 INFO  PacienteController:32 - El paciente Jorge Manganiello ha sido guardado correctamente en la base de datos
2022-07-07 12:30:35 INFO  PacienteController:52 - El paciente Jorge Manganiello ha sido actualizado correctamente en la base de datos
2022-07-07 12:31:55 ERROR GlobalExceptionHandler:27 - Los datos ingresados para registrar el paciente no son correctos o están incompletos. Debe incluir obligatioriamente: nombre, apellido y domicilio del paciente.
2022-07-07 12:32:41 ERROR GlobalExceptionHandler:27 - Los datos ingresados para registrar el paciente no son correctos o están incompletos. Debe incluir obligatioriamente: nombre, apellido y domicilio del paciente.
2022-07-07 15:03:36 ERROR GlobalExceptionHandler:20 - No se encuentran pacientes en la base de datos
2022-07-07 15:03:56 ERROR GlobalExceptionHandler:27 - Los datos ingresados para registrar el paciente no son correctos o están incompletos. Debe incluir obligatioriamente: nombre, apellido y domicilio del paciente.
2022-07-07 15:06:09 INFO  PacienteController:32 - El paciente Juana Dominguez ha sido guardado correctamente en la base de datos
2022-07-07 15:07:18 INFO  PacienteController:32 - El paciente Mariana Lopez ha sido guardado correctamente en la base de datos
2022-07-07 15:08:07 INFO  PacienteController:32 - El paciente Gerardo Juanes ha sido guardado correctamente en la base de datos
2022-07-07 15:09:16 INFO  OdontologoController:32 - El odontologo Marianela Meinardi ha sido guardado correctamente en la base de datos
2022-07-07 15:10:07 ERROR GlobalExceptionHandler:27 - Los datos ingresados para registrar el odontólogo no son correctos o están incompletos. Debe incluir obligatoriamente: nombre, apellido y matricula del odontólogo.
2022-07-07 15:10:27 INFO  OdontologoController:32 - El odontologo Julieta Caroli ha sido guardado correctamente en la base de datos
2022-07-07 15:10:45 INFO  OdontologoController:32 - El odontologo Eduardo Apiolaza ha sido guardado correctamente en la base de datos
2022-07-07 15:11:24 ERROR GlobalExceptionHandler:20 - El odontologo con el id: 25 no se encuentra en la base de datos
2022-07-07 15:11:47 ERROR GlobalExceptionHandler:20 - El paciente con el id: 35 no se encuentra en la base de datos
2022-07-07 15:12:23 INFO  TurnoController:29 - El turno con el odontólogo con id:  1 para el paciente con id: 1 en la fecha: 2019-11-18T14:23:15 ha sido registrado correctamente en la base de datos
2022-07-07 15:12:50 INFO  TurnoController:29 - El turno con el odontólogo con id:  3 para el paciente con id: 2 en la fecha: 2020-10-19T13:22:14 ha sido registrado correctamente en la base de datos
2022-07-07 15:13:07 INFO  TurnoController:29 - El turno con el odontólogo con id:  2 para el paciente con id: 3 en la fecha: 2022-08-25T12:20:11 ha sido registrado correctamente en la base de datos
2022-07-07 15:14:03 ERROR GlobalExceptionHandler:20 - El turno con el id: 34 no se encuentra en la base de datos
2022-07-07 15:21:12 ERROR GlobalExceptionHandler:20 - El odontologo con el id: 8 no se encuentra en la base de datos
2022-07-07 15:21:30 ERROR GlobalExceptionHandler:20 - El paciente con el id: 25 no se encuentra en la base de datos
2022-07-07 15:21:36 ERROR GlobalExceptionHandler:20 - El paciente con el id: 25 no se encuentra en la base de datos
2022-07-07 15:22:51 ERROR GlobalExceptionHandler:20 - El paciente con el id: 25 no se encuentra en la base de datos
2022-07-07 15:39:43 ERROR GlobalExceptionHandler:20 - El paciente al que intenta asignarle un turno no se encuentra en la base de datos
2022-07-07 15:41:23 ERROR GlobalExceptionHandler:20 - El paciente al que intenta asignarle un turno no se encuentra en la base de datos
2022-07-07 15:41:28 ERROR GlobalExceptionHandler:20 - El odontologo al que intenta asignarle un turno no se encuentra en la base de datos
2022-07-07 15:41:33 ERROR GlobalExceptionHandler:20 - El paciente al que intenta asignarle un turno no se encuentra en la base de datos
2022-07-07 15:52:39 ERROR GlobalExceptionHandler:20 - El paciente u odontologo al que intenta asignarle un turno no se encuentra en la base de datos
2022-07-07 16:01:12 ERROR GlobalExceptionHandler:20 - El paciente con el id: 15 no se encuentra en la base de datos
2022-07-07 16:01:17 ERROR GlobalExceptionHandler:20 - El odontologo con el id: 25 no se encuentra en la base de datos
2022-07-07 16:04:24 ERROR GlobalExceptionHandler:20 - El odontologo con el id: 25 no se encuentra en la base de datos
2022-07-07 16:04:29 ERROR GlobalExceptionHandler:20 - El paciente con el id: 10 no se encuentra en la base de datos
2022-07-07 16:04:33 ERROR GlobalExceptionHandler:20 - El odontologo con el id: 20 no se encuentra en la base de datos
2022-07-07 16:09:17 ERROR GlobalExceptionHandler:27 - Los datos ingresados para registrar el paciente no son correctos o están incompletos. Debe incluir obligatoriamente: nombre, apellido y domicilio del paciente.
2022-07-07 16:09:42 ERROR GlobalExceptionHandler:27 - Los datos ingresados para registrar el turno no son correctos o están incompletos. Debe incluir obligatoriamente: id del odontólogo y id del paciente.
2022-07-07 16:09:54 ERROR GlobalExceptionHandler:27 - Los datos ingresados para registrar el turno no son correctos o están incompletos. Debe incluir obligatoriamente: id del odontólogo y id del paciente.
2022-07-07 16:13:49 ERROR GlobalExceptionHandler:20 - El odontologo con el id: 20 no se encuentra en la base de datos
2022-07-07 16:13:54 ERROR GlobalExceptionHandler:20 - El paciente con el id: 10 no se encuentra en la base de datos
2022-07-07 16:15:22 ERROR GlobalExceptionHandler:20 - El paciente con el id: 10 no se encuentra en la base de datos
2022-07-07 16:15:27 ERROR GlobalExceptionHandler:20 - El odontologo con el id: 25 no se encuentra en la base de datos
2022-07-07 16:15:33 ERROR GlobalExceptionHandler:27 - Los datos ingresados para registrar el turno no son correctos o están incompletos. Debe incluir obligatoriamente: id del odontólogo y id del paciente.
2022-07-07 16:15:41 ERROR GlobalExceptionHandler:27 - Los datos ingresados para registrar el turno no son correctos o están incompletos. Debe incluir obligatoriamente: id del odontólogo y id del paciente.
2022-07-07 16:16:07 ERROR GlobalExceptionHandler:20 - El turno con el id: 8 no se encuentra en la base de datos
2022-07-07 16:16:20 ERROR GlobalExceptionHandler:20 - El odontologo con el id: 8 no se encuentra en la base de datos
2022-07-07 16:16:25 ERROR GlobalExceptionHandler:20 - El paciente con el id: 8 no se encuentra en la base de datos
2022-07-07 16:17:20 INFO  TurnoController:53 - El turno con el id:  1 ha sido actualizado correctamente en la base de datos
2022-07-07 16:23:37 ERROR GlobalExceptionHandler:20 - El odontologo con el id: 14 no se encuentra en la base de datos
2022-07-07 16:23:43 ERROR GlobalExceptionHandler:20 - El paciente con el id: 5 no se encuentra en la base de datos
2022-07-07 16:25:07 ERROR GlobalExceptionHandler:20 - El paciente con el id: 5 no se encuentra en la base de datos
2022-07-07 16:25:11 ERROR GlobalExceptionHandler:20 - El odontologo con el id: 10 no se encuentra en la base de datos
2022-07-07 16:25:16 ERROR GlobalExceptionHandler:27 - Los datos ingresados para registrar el turno no son correctos o están incompletos. Debe incluir obligatoriamente: id del odontólogo y id del paciente.
2022-07-07 16:25:24 ERROR GlobalExceptionHandler:27 - Los datos ingresados para registrar el turno no son correctos o están incompletos. Debe incluir obligatoriamente: id del odontólogo y id del paciente.
